<?xml version="1.0" encoding="UTF-8"?>
<!-- Generated by org.testng.reporters.JUnitReportReporter -->
<testsuite hostname="DESKTOP-1CCS179" failures="0" tests="1" name="com.sauceDemo.testLayer.LoginTest" time="6.732" errors="0" timestamp="2023-10-02T10:03:56 IST" skipped="0">
  <testcase classname="com.sauceDemo.testLayer.LoginTest" name="logintestwithValidCred" time="6.732"/>
  <system-out/>
</testsuite> <!-- com.sauceDemo.testLayer.LoginTest -->
